This is pdfTeX, Version 3.141592653-2.6-1.40.27 (TeX Live 2025/MacPorts 2025.74524_1) (preloaded format=pdflatex 2025.11.23)  5 FEB 2026 11:21
entering extended mode
 restricted \write18 enabled.
 %&-line parsing enabled.
**timing
(./timing
LaTeX2e <2024-11-01> patch level 2
L3 programming layer <2025-01-18>
! You can't use `macro parameter character #' in vertical mode.
l.1 #
     !/bin/bash
? x
 
Here is how much of TeX's memory you used:
 14 strings out of 474303
 354 string characters out of 5738984
 389313 words of memory out of 5000000
 23197 multiletter control sequences out of 15000+600000
 558837 words of font info for 36 fonts, out of 8000000 for 9000
 430 hyphenation exceptions out of 8191
 12i,0n,13p,49b,8s stack positions out of 10000i,1000n,20000p,200000b,200000s
No pages of output.
PDF statistics:
 0 PDF objects out of 1000 (max. 8388607)
 0 named destinations out of 1000 (max. 500000)
 1 words of extra memory for PDF output out of 10000 (max. 10000000)

