0.08113581 0.4449189
0.09124046 0.4894107
0.07382841 0.400427
0.06918034 0.3559351
0.06566739 0.2669513
0.06565559 0.1779675
0.06566739 0.2669513
0.0679877 0.08898377
0.06529778 0.2224594
0.06566739 0.2669513
0.06533618 0.2002135
0.06542194 0.2447054
0.06529078 0.2113365
0.06533618 0.2002135
0.06528866 0.2168979
0.06529778 0.2224594
0.06528821 0.2141172
0.06529078 0.2113365
0.06528807 0.2155076
0.06528866 0.2168979
0.06528805 0.2148124
0.06528821 0.2141172
0.06528804 0.2151600
0.06528807 0.2155076
0.06528804 0.2149862
0.08113581 0.4449189
0.09124046 0.4894107
0.07382841 0.400427
0.06918034 0.3559351
0.06566739 0.2669513
0.06565559 0.1779675
0.06566739 0.2669513
0.0679877 0.08898377
0.06529778 0.2224594
0.06566739 0.2669513
0.06533618 0.2002135
0.06542194 0.2447054
0.06529078 0.2113365
0.06533618 0.2002135
0.06528866 0.2168979
0.06529778 0.2224594
0.06528821 0.2141172
0.06529078 0.2113365
0.06528807 0.2155076
0.06528866 0.2168979
0.06528805 0.2148124
0.06528821 0.2141172
0.06528804 0.2151600
0.06528807 0.2155076
0.06528804 0.2149862
-1.536729 0.4449189
-1.424422 0.4894107
0.06571895 0.4449189
0.07458285 0.4894107
0.0590961 0.400427
0.05442985 0.3559351
0.04820581 0.2669513
0.04001858 0.1779675
0.04820581 0.2669513
0.02522103 0.08898377
0.03333778 0.1334757
0.01575291 0.04449189
0.02118430 0.06673783
0.006066409 0.02224594
0.01166865 0.03336891
0.001771217 0.01112297
0.003380187 0.01668446
0.0008456864 0.005561486
0.001340406 0.008342229
0.0001558272 0.002780743
0.0005325726 0.004171114
3.655461e-05 0.001390371
8.047033e-05 0.002085557
4.856174e-09 0.0006951857
7.90359e-06 0.001042779
9.099501e-28 0.0003475929
0.06571895 0.4449189
0.07458285 0.4894107
0.0590961 0.400427
0.05442985 0.3559351
0.04820581 0.2669513
0.04001858 0.1779675
0.04820581 0.2669513
0.02522103 0.08898377
0.03333778 0.1334757
0.01575291 0.04449189
0.02118430 0.06673783
0.006066409 0.02224594
0.01166865 0.03336891
0.001771217 0.01112297
0.003380187 0.01668446
0.0008456864 0.005561486
0.001340406 0.008342229
0.0001558272 0.002780743
0.0005325726 0.004171114
3.655461e-05 0.001390371
8.047033e-05 0.002085557
4.856174e-09 0.0006951857
7.90359e-06 0.001042779
9.099501e-28 0.0003475929
-1.536729 0.4449189
-1.424422 0.4894107
-2.722368 0.4449189
-2.595845 0.4894107
0.06571895 0.4449189
0.07458285 0.4894107
0.0590961 0.400427
0.05442985 0.3559351
0.04820581 0.2669513
0.04001858 0.1779675
0.04820581 0.2669513
0.02522103 0.08898377
0.03333778 0.1334757
0.01575291 0.04449189
0.02118430 0.06673783
0.006066409 0.02224594
0.01166865 0.03336891
0.001771217 0.01112297
0.003380187 0.01668446
0.0008456864 0.005561486
0.001340406 0.008342229
0.0001558272 0.002780743
0.0005325726 0.004171114
3.655461e-05 0.001390371
8.047033e-05 0.002085557
4.856174e-09 0.0006951857
7.90359e-06 0.001042779
9.099501e-28 0.0003475929
-1.536729 0.4449189
-1.424422 0.4894107
0.003329223 0.4449189
0.04406194 0.4894107
-0.02517543 0.400427
-0.03835002 0.3559351
0.003329223 0.4449189
0.04406194 0.4894107
-0.02517543 0.400427
-0.03835002 0.3559351
0.003329223 0.4449189
0.04406194 0.4894107
-0.02517543 0.400427
-0.03835002 0.3559351
0.003329223 0.4449189
0.04406194 0.4894107
-0.02517543 0.400427
-0.03835002 0.3559351
0.003329223 0.4449189
0.04406194 0.4894107
-0.02517543 0.400427
-0.03835002 0.3559351
0.003329223 0.4449189
0.04406194 0.4894107
-0.02517543 0.400427
-0.03835002 0.3559351
0.003329223 0.4449189
0.04406194 0.4894107
-0.02517543 0.400427
-0.03835002 0.3559351
-1.536729 0.4449189
-1.424422 0.4894107
-1.536729 0.4449189
-1.424422 0.4894107
-1.536729 0.4449189
-1.424422 0.4894107
0.08113581 0.4449189
0.09124046 0.4894107
0.07382841 0.400427
0.06918034 0.3559351
0.06566739 0.2669513
0.06565559 0.1779675
0.06566739 0.2669513
0.0679877 0.08898377
0.06529778 0.2224594
0.06566739 0.2669513
0.06533618 0.2002135
0.06542194 0.2447054
0.06529078 0.2113365
0.06533618 0.2002135
0.06528866 0.2168979
0.06529778 0.2224594
0.06528821 0.2141172
0.06529078 0.2113365
0.06528807 0.2155076
0.06528866 0.2168979
0.06528805 0.2148124
0.06528821 0.2141172
0.06528804 0.2151600
0.06528807 0.2155076
0.06528804 0.2149862
-1.536729 0.4449189
-1.424422 0.4894107
0.08113581 0.4449189
0.09124046 0.4894107
0.07382841 0.400427
0.06918034 0.3559351
0.06566739 0.2669513
0.06565559 0.1779675
0.06566739 0.2669513
0.0679877 0.08898377
0.06529778 0.2224594
0.06566739 0.2669513
0.06533618 0.2002135
0.06542194 0.2447054
0.06529078 0.2113365
0.06533618 0.2002135
0.06528866 0.2168979
0.06529778 0.2224594
0.06528821 0.2141172
0.06529078 0.2113365
0.06528807 0.2155076
0.06528866 0.2168979
0.06528805 0.2148124
0.06528821 0.2141172
0.06528804 0.2151600
0.06528807 0.2155076
0.06528804 0.2149862
-1.536729 0.4449189
-1.424422 0.4894107
0.08113581 0.4449189
0.09124046 0.4894107
0.07382841 0.400427
0.06918034 0.3559351
0.06566739 0.2669513
0.06565559 0.1779675
0.06566739 0.2669513
0.0679877 0.08898377
0.06529778 0.2224594
0.06566739 0.2669513
0.06533618 0.2002135
0.06542194 0.2447054
0.06529078 0.2113365
0.06533618 0.2002135
0.06528866 0.2168979
0.06529778 0.2224594
0.06528821 0.2141172
0.06529078 0.2113365
0.06528807 0.2155076
0.06528866 0.2168979
0.06528805 0.2148124
0.06528821 0.2141172
0.06528804 0.2151600
0.06528807 0.2155076
0.06528804 0.2149862
-1.536729 0.4449189
-1.424422 0.4894107
0.08113581 0.4449189
0.09124046 0.4894107
0.07382841 0.400427
0.06918034 0.3559351
0.06566739 0.2669513
0.06565559 0.1779675
0.06566739 0.2669513
0.0679877 0.08898377
0.06529778 0.2224594
0.06566739 0.2669513
0.06533618 0.2002135
0.06542194 0.2447054
0.06529078 0.2113365
0.06533618 0.2002135
0.06528866 0.2168979
0.06529778 0.2224594
0.06528821 0.2141172
0.06529078 0.2113365
0.06528807 0.2155076
0.06528866 0.2168979
0.06528805 0.2148124
0.06528821 0.2141172
0.06528804 0.2151600
0.06528807 0.2155076
0.06528804 0.2149862
-1.536729 0.4449189
-1.424422 0.4894107
-1.536729 0.4449189
-1.424422 0.4894107
-1.536729 0.4449189
-1.424422 0.4894107
-1.536729 0.4449189
-1.424422 0.4894107
-1.536729 0.4449189
-1.424422 0.4894107
-1.536729 0.4449189
-1.424422 0.4894107
-1.536729 0.4449189
-1.424422 0.4894107
-1.536729 0.4449189
-1.424422 0.4894107
-1.536729 0.4449189
-1.424422 0.4894107
-1.536729 0.4449189
-1.424422 0.4894107
-1.536729 0.4449189
-1.424422 0.4894107
-1.536729 0.4449189
-1.424422 0.4894107
1.251358 0.4449189
1.246006 0.4894107
1.245396 0.5339026
1.248783 0.5783945
1.248783 0.5783945
1.245158 0.5116567
1.246006 0.4894107
1.245147 0.5227797
1.245396 0.5339026
1.245119 0.5172182
1.245158 0.5116567
1.245125 0.5199989
1.245130 0.5144374
1.245120 0.5186085
1.245123 0.5158278
1.245119 0.5179134
1.245120 0.5186085
1.245119 0.5175658
1.245119 0.5172182
1.245119 0.5177396
0.08113581 0.4449189
0.09124046 0.4894107
0.07382841 0.400427
0.06918034 0.3559351
0.06566739 0.2669513
0.06565559 0.1779675
0.06566739 0.2669513
0.0679877 0.08898377
0.06529778 0.2224594
0.06566739 0.2669513
0.06533618 0.2002135
0.06542194 0.2447054
0.06529078 0.2113365
0.06533618 0.2002135
0.06528866 0.2168979
0.06529778 0.2224594
0.06528821 0.2141172
0.06529078 0.2113365
0.06528807 0.2155076
0.06528866 0.2168979
0.06528805 0.2148124
0.06528821 0.2141172
0.06528804 0.2151600
0.06528807 0.2155076
0.06528804 0.2149862
0.06571895 0.4449189
0.07458285 0.4894107
0.0590961 0.400427
0.05442985 0.3559351
0.04820581 0.2669513
0.04001858 0.1779675
0.04820581 0.2669513
0.02522103 0.08898377
0.03333778 0.1334757
0.01575291 0.04449189
0.02118430 0.06673783
0.006066409 0.02224594
0.01166865 0.03336891
0.001771217 0.01112297
0.003380187 0.01668446
0.0008456864 0.005561486
0.001340406 0.008342229
0.0001558272 0.002780743
0.0005325726 0.004171114
3.655461e-05 0.001390371
8.047033e-05 0.002085557
4.856174e-09 0.0006951857
7.90359e-06 0.001042779
9.099501e-28 0.0003475929
0.08113581 0.4449189
0.09124046 0.4894107
0.07382841 0.400427
0.06918034 0.3559351
0.06566739 0.2669513
0.06565559 0.1779675
0.06566739 0.2669513
0.0679877 0.08898377
0.06529778 0.2224594
0.06566739 0.2669513
0.06533618 0.2002135
0.06542194 0.2447054
0.06529078 0.2113365
0.06533618 0.2002135
0.06528866 0.2168979
0.06529778 0.2224594
0.06528821 0.2141172
0.06529078 0.2113365
0.06528807 0.2155076
0.06528866 0.2168979
0.06528805 0.2148124
0.06528821 0.2141172
0.06528804 0.2151600
0.06528807 0.2155076
0.06528804 0.2149862
0.06571895 0.4449189
0.07458285 0.4894107
0.0590961 0.400427
0.05442985 0.3559351
0.04820581 0.2669513
0.04001858 0.1779675
0.04820581 0.2669513
0.02522103 0.08898377
0.03333778 0.1334757
0.01575291 0.04449189
0.02118430 0.06673783
0.006066409 0.02224594
0.01166865 0.03336891
0.001771217 0.01112297
0.003380187 0.01668446
0.0008456864 0.005561486
0.001340406 0.008342229
0.0001558272 0.002780743
0.0005325726 0.004171114
3.655461e-05 0.001390371
8.047033e-05 0.002085557
4.856174e-09 0.0006951857
7.90359e-06 0.001042779
9.099501e-28 0.0003475929
0.08113581 0.4449189
0.09124046 0.4894107
0.07382841 0.400427
0.06918034 0.3559351
0.06566739 0.2669513
0.06565559 0.1779675
0.06566739 0.2669513
0.0679877 0.08898377
0.06529778 0.2224594
0.06566739 0.2669513
0.06533618 0.2002135
0.06542194 0.2447054
0.06529078 0.2113365
0.06533618 0.2002135
0.06528866 0.2168979
0.06529778 0.2224594
0.06528821 0.2141172
0.06529078 0.2113365
0.06528807 0.2155076
0.06528866 0.2168979
0.06528805 0.2148124
0.06528821 0.2141172
0.06528804 0.2151600
0.06528807 0.2155076
0.06528804 0.2149862
0.2150834 0.4449189
0.2406476 0.4894107
0.1968478 0.400427
0.1854389 0.3559351
0.1764638 0.2669513
0.1718543 0.1779675
0.1764638 0.2669513
0.1906679 0.08898377
0.1742121 0.2224594
0.1706231 0.1334757
0.1906679 0.08898377
0.1906679 0.08898377
0.1708593 0.1557216
0.1741003 0.1112297
0.1705558 0.1445986
0.1708593 0.1557216
0.1705219 0.1390371
0.1706231 0.1334757
0.1705252 0.1418179
0.170552 0.1362564
0.1705198 0.1404275
0.1705252 0.1418179
0.1705198 0.1397323
0.1705216 0.1411227
0.1705196 0.1400799
0.1705198 0.1397323
0.1705196 0.1402537
0.1705196 0.1399061
0.1705196 0.1401668
0.1705196 0.1399930
0.1705196 0.1401234
0.08113581 0.4449189
0.09124046 0.4894107
0.07382841 0.400427
0.06918034 0.3559351
0.06566739 0.2669513
0.06565559 0.1779675
0.06566739 0.2669513
0.0679877 0.08898377
0.06529778 0.2224594
0.06566739 0.2669513
0.06533618 0.2002135
0.06542194 0.2447054
0.06529078 0.2113365
0.06533618 0.2002135
0.06528866 0.2168979
0.06529778 0.2224594
0.06528821 0.2141172
0.06529078 0.2113365
0.06528807 0.2155076
0.06528866 0.2168979
0.06528805 0.2148124
0.06528821 0.2141172
0.06528804 0.2151600
0.06528807 0.2155076
0.06528804 0.2149862
-1.536729 0.4449189
-1.424422 0.4894107
0.08113581 0.4449189
0.09124046 0.4894107
0.07382841 0.400427
0.06918034 0.3559351
0.06566739 0.2669513
0.06565559 0.1779675
0.06566739 0.2669513
0.0679877 0.08898377
0.06529778 0.2224594
0.06566739 0.2669513
0.06533618 0.2002135
0.06542194 0.2447054
0.06529078 0.2113365
0.06533618 0.2002135
0.06528866 0.2168979
0.06529778 0.2224594
0.06528821 0.2141172
0.06529078 0.2113365
0.06528807 0.2155076
0.06528866 0.2168979
0.06528805 0.2148124
0.06528821 0.2141172
0.06528804 0.2151600
0.06528807 0.2155076
0.06528804 0.2149862
-1.536729 0.4449189
-1.424422 0.4894107
-1.536729 0.4449189
-1.424422 0.4894107
0.08113581 0.4449189
0.09124046 0.4894107
0.07382841 0.400427
0.06918034 0.3559351
0.06566739 0.2669513
0.06565559 0.1779675
0.06566739 0.2669513
0.0679877 0.08898377
0.06529778 0.2224594
0.06566739 0.2669513
0.06533618 0.2002135
0.06542194 0.2447054
0.06529078 0.2113365
0.06533618 0.2002135
0.06528866 0.2168979
0.06529778 0.2224594
0.06528821 0.2141172
0.06529078 0.2113365
0.06528807 0.2155076
0.06528866 0.2168979
0.06528805 0.2148124
0.06528821 0.2141172
0.06528804 0.2151600
0.06528807 0.2155076
0.06528804 0.2149862
-1.536729 0.4449189
-1.424422 0.4894107
0.08113581 0.4449189
0.09124046 0.4894107
0.07382841 0.400427
0.06918034 0.3559351
0.06566739 0.2669513
0.06565559 0.1779675
0.06566739 0.2669513
0.0679877 0.08898377
0.06529778 0.2224594
0.06566739 0.2669513
0.06533618 0.2002135
0.06542194 0.2447054
0.06529078 0.2113365
0.06533618 0.2002135
0.06528866 0.2168979
0.06529778 0.2224594
0.06528821 0.2141172
0.06529078 0.2113365
0.06528807 0.2155076
0.06528866 0.2168979
0.06528805 0.2148124
0.06528821 0.2141172
0.06528804 0.2151600
0.06528807 0.2155076
0.06528804 0.2149862
-1.536729 0.4449189
-1.424422 0.4894107
0.08113581 0.4449189
0.09124046 0.4894107
0.07382841 0.400427
0.06918034 0.3559351
0.06566739 0.2669513
0.06565559 0.1779675
0.06566739 0.2669513
0.0679877 0.08898377
0.06529778 0.2224594
0.06566739 0.2669513
0.06533618 0.2002135
0.06542194 0.2447054
0.06529078 0.2113365
0.06533618 0.2002135
0.06528866 0.2168979
0.06529778 0.2224594
0.06528821 0.2141172
0.06529078 0.2113365
0.06528807 0.2155076
0.06528866 0.2168979
0.06528805 0.2148124
0.06528821 0.2141172
0.06528804 0.2151600
0.06528807 0.2155076
0.06528804 0.2149862
0.2150834 0.4449189
0.2406476 0.4894107
0.1968478 0.400427
0.1854389 0.3559351
0.1764638 0.2669513
0.1718543 0.1779675
0.1764638 0.2669513
0.1906679 0.08898377
0.1742121 0.2224594
0.1706231 0.1334757
0.1906679 0.08898377
0.1906679 0.08898377
0.1708593 0.1557216
0.1741003 0.1112297
0.1705558 0.1445986
0.1708593 0.1557216
0.1705219 0.1390371
0.1706231 0.1334757
0.1705252 0.1418179
0.170552 0.1362564
0.1705198 0.1404275
0.1705252 0.1418179
0.1705198 0.1397323
0.1705216 0.1411227
0.1705196 0.1400799
0.1705198 0.1397323
0.1705196 0.1402537
0.1705196 0.1399061
0.1705196 0.1401668
0.1705196 0.1399930
0.1705196 0.1401234
0.08113581 0.4449189
0.09124046 0.4894107
0.07382841 0.400427
0.06918034 0.3559351
0.06566739 0.2669513
0.06565559 0.1779675
0.06566739 0.2669513
0.0679877 0.08898377
0.06529778 0.2224594
0.06566739 0.2669513
0.06533618 0.2002135
0.06542194 0.2447054
0.06529078 0.2113365
0.06533618 0.2002135
0.06528866 0.2168979
0.06529778 0.2224594
0.06528821 0.2141172
0.06529078 0.2113365
0.06528807 0.2155076
0.06528866 0.2168979
0.06528805 0.2148124
0.06528821 0.2141172
0.06528804 0.2151600
0.06528807 0.2155076
0.06528804 0.2149862
3.254821 0.1201781
3.248753 0.1321959
3.242693 0.1442137
3.236936 0.1562316
3.226617 0.1802672
3.217746 0.2043028
3.203482 0.2523740
3.193276 0.3004453
3.182095 0.3965878
3.177435 0.4927303
3.174179 0.6850153
3.17312 0.8773003
3.172399 1.261870
3.172151 1.646440
3.171973 2.41558
3.17191 3.18472
3.171864 4.723
3.171848 6.26128
3.171836 9.33784
3.171832 12.4144
3.171829 18.56752
3.171828 24.72064
3.171827 37.02688
3.171827 49.33312
3.171827 73.9456
3.171827 98.55807
3.171826 147.7830
3.171826 197.008
3.171826 295.4579
3.171826 393.9078
0.08113581 0.4449189
0.09124046 0.4894107
0.07382841 0.400427
0.06918034 0.3559351
0.06566739 0.2669513
0.06565559 0.1779675
0.06566739 0.2669513
0.0679877 0.08898377
0.06529778 0.2224594
0.06566739 0.2669513
0.06533618 0.2002135
0.06542194 0.2447054
0.06529078 0.2113365
0.06533618 0.2002135
0.06528866 0.2168979
0.06529778 0.2224594
0.06528821 0.2141172
0.06529078 0.2113365
0.06528807 0.2155076
0.06528866 0.2168979
0.06528805 0.2148124
0.06528821 0.2141172
0.06528804 0.2151600
0.06528807 0.2155076
0.06528804 0.2149862
-1.536729 0.4449189
-1.424422 0.4894107
0.08113581 0.4449189
0.09124046 0.4894107
0.07382841 0.400427
0.06918034 0.3559351
0.06566739 0.2669513
0.06565559 0.1779675
0.06566739 0.2669513
0.0679877 0.08898377
0.06529778 0.2224594
0.06566739 0.2669513
0.06533618 0.2002135
0.06542194 0.2447054
0.06529078 0.2113365
0.06533618 0.2002135
0.06528866 0.2168979
0.06529778 0.2224594
0.06528821 0.2141172
0.06529078 0.2113365
0.06528807 0.2155076
0.06528866 0.2168979
0.06528805 0.2148124
0.06528821 0.2141172
0.06528804 0.2151600
0.06528807 0.2155076
0.06528804 0.2149862
